c:\users\student\desktop\myゲーム\18010001_isiisyuzi\actiongamesample\debug\vc141.pdb
c:\users\student\desktop\myゲーム\18010001_isiisyuzi\actiongamesample\debug\vc141.idb
c:\users\student\desktop\myゲーム\18010001_isiisyuzi\actiongamesample\debug\main.obj
c:\users\student\desktop\myゲーム\18010001_isiisyuzi\actiongamesample\debug\sound.obj
c:\users\student\desktop\myゲーム\18010001_isiisyuzi\actiongamesample\debug\input.obj
c:\users\student\desktop\myゲーム\18010001_isiisyuzi\actiongamesample\debug\enemy.obj
c:\users\student\desktop\myゲーム\18010001_isiisyuzi\actiongamesample\debug\bitmaptext.obj
c:\users\student\desktop\myゲーム\18010001_isiisyuzi\actiongamesample\debug\shot.obj
c:\users\student\desktop\myゲーム\18010001_isiisyuzi\actiongamesample\debug\rule.obj
c:\users\student\desktop\myゲーム\18010001_isiisyuzi\actiongamesample\debug\player.obj
c:\users\student\desktop\myゲーム\18010001_isiisyuzi\actiongamesample\debug\map.obj
c:\users\student\desktop\myゲーム\18010001_isiisyuzi\actiongamesample\debug\game.obj
c:\users\student\desktop\myゲーム\18010001_isiisyuzi\actiongamesample\debug\ui.obj
c:\users\student\desktop\ランチャー\launcherbase2019weare\apps\rightapp\actiongamesample\debug\vc141.pdb
c:\users\student\desktop\ランチャー\launcherbase2019weare\apps\rightapp\actiongamesample\debug\vc141.idb
c:\users\student\desktop\ランチャー\launcherbase2019weare\apps\rightapp\actiongamesample\debug\sound.obj
c:\users\student\desktop\ランチャー\launcherbase2019weare\apps\rightapp\actiongamesample\debug\shot.obj
c:\users\student\desktop\ランチャー\launcherbase2019weare\apps\rightapp\actiongamesample\debug\rule.obj
c:\users\student\desktop\ランチャー\launcherbase2019weare\apps\rightapp\actiongamesample\debug\player.obj
c:\users\student\desktop\ランチャー\launcherbase2019weare\apps\rightapp\actiongamesample\debug\map.obj
c:\users\student\desktop\ランチャー\launcherbase2019weare\apps\rightapp\actiongamesample\debug\main.obj
c:\users\student\desktop\ランチャー\launcherbase2019weare\apps\rightapp\actiongamesample\debug\input.obj
c:\users\student\desktop\ランチャー\launcherbase2019weare\apps\rightapp\actiongamesample\debug\game.obj
c:\users\student\desktop\ランチャー\launcherbase2019weare\apps\rightapp\actiongamesample\debug\enemy.obj
c:\users\student\desktop\ランチャー\launcherbase2019weare\apps\rightapp\actiongamesample\debug\bitmaptext.obj
c:\users\student\desktop\ランチャー\launcherbase2019weare\apps\rightapp\actiongamesample\debug\ui.obj
c:\users\student\desktop\扈山・石井\launcherbase2019weare扈山・石井\apps\rightapp\actiongamesample\debug\vc141.pdb
c:\users\student\desktop\扈山・石井\launcherbase2019weare扈山・石井\apps\rightapp\actiongamesample\debug\vc141.idb
c:\users\student\desktop\扈山・石井\launcherbase2019weare扈山・石井\apps\rightapp\actiongamesample\debug\sound.obj
c:\users\student\desktop\扈山・石井\launcherbase2019weare扈山・石井\apps\rightapp\actiongamesample\debug\shot.obj
c:\users\student\desktop\扈山・石井\launcherbase2019weare扈山・石井\apps\rightapp\actiongamesample\debug\rule.obj
c:\users\student\desktop\扈山・石井\launcherbase2019weare扈山・石井\apps\rightapp\actiongamesample\debug\player.obj
c:\users\student\desktop\扈山・石井\launcherbase2019weare扈山・石井\apps\rightapp\actiongamesample\debug\map.obj
c:\users\student\desktop\扈山・石井\launcherbase2019weare扈山・石井\apps\rightapp\actiongamesample\debug\main.obj
c:\users\student\desktop\扈山・石井\launcherbase2019weare扈山・石井\apps\rightapp\actiongamesample\debug\input.obj
c:\users\student\desktop\扈山・石井\launcherbase2019weare扈山・石井\apps\rightapp\actiongamesample\debug\game.obj
c:\users\student\desktop\扈山・石井\launcherbase2019weare扈山・石井\apps\rightapp\actiongamesample\debug\enemy.obj
c:\users\student\desktop\扈山・石井\launcherbase2019weare扈山・石井\apps\rightapp\actiongamesample\debug\bitmaptext.obj
c:\users\student\desktop\扈山・石井\launcherbase2019weare扈山・石井\apps\rightapp\actiongamesample\debug\ui.obj
c:\users\student\desktop\myゲーム\18010001_isiisyuzi\game.exe
c:\users\student\desktop\myゲーム\18010001_isiisyuzi\game.ilk
c:\users\student\desktop\myゲーム\18010001_isiisyuzi\game.pdb
c:\users\student\desktop\ランチャー\launcherbase2019weare\apps\rightapp\game.exe
c:\users\student\desktop\ランチャー\launcherbase2019weare\apps\rightapp\game.ilk
c:\users\student\desktop\ランチャー\launcherbase2019weare\apps\rightapp\game.pdb
c:\users\student\desktop\扈山・石井\launcherbase2019weare扈山・石井\apps\rightapp\game.ilk
c:\users\student\desktop\扈山・石井\launcherbase2019weare扈山・石井\apps\rightapp\game.exe
c:\users\student\desktop\扈山・石井\launcherbase2019weare扈山・石井\apps\rightapp\game.pdb
c:\users\student\desktop\扈山・石井\launcherbase2019weare扈山・石井\apps\rightapp\actiongamesample\debug\sound.obj.enc
c:\users\student\desktop\扈山・石井\launcherbase2019weare扈山・石井\apps\rightapp\actiongamesample\debug\actiongamesample.tlog\cl.command.1.tlog
c:\users\student\desktop\扈山・石井\launcherbase2019weare扈山・石井\apps\rightapp\actiongamesample\debug\actiongamesample.tlog\cl.read.1.tlog
c:\users\student\desktop\扈山・石井\launcherbase2019weare扈山・石井\apps\rightapp\actiongamesample\debug\actiongamesample.tlog\cl.write.1.tlog
c:\users\student\desktop\扈山・石井\launcherbase2019weare扈山・石井\apps\rightapp\actiongamesample\debug\actiongamesample.tlog\link.command.1.tlog
c:\users\student\desktop\扈山・石井\launcherbase2019weare扈山・石井\apps\rightapp\actiongamesample\debug\actiongamesample.tlog\link.read.1.tlog
c:\users\student\desktop\扈山・石井\launcherbase2019weare扈山・石井\apps\rightapp\actiongamesample\debug\actiongamesample.tlog\link.write.1.tlog
