c:\users\student\desktop\myゲーム\18010001_isiisyuzi\actiongamesample\debug\vc141.pdb
c:\users\student\desktop\myゲーム\18010001_isiisyuzi\actiongamesample\debug\vc141.idb
c:\users\student\desktop\myゲーム\18010001_isiisyuzi\actiongamesample\debug\ui.obj
c:\users\student\desktop\myゲーム\18010001_isiisyuzi\actiongamesample\debug\game.obj
c:\users\student\desktop\myゲーム\18010001_isiisyuzi\actiongamesample\debug\sound.obj
c:\users\student\desktop\myゲーム\18010001_isiisyuzi\actiongamesample\debug\shot.obj
c:\users\student\desktop\myゲーム\18010001_isiisyuzi\actiongamesample\debug\rule.obj
c:\users\student\desktop\myゲーム\18010001_isiisyuzi\actiongamesample\debug\player.obj
c:\users\student\desktop\myゲーム\18010001_isiisyuzi\actiongamesample\debug\main.obj
c:\users\student\desktop\myゲーム\18010001_isiisyuzi\actiongamesample\debug\input.obj
c:\users\student\desktop\myゲーム\18010001_isiisyuzi\actiongamesample\debug\enemy.obj
c:\users\student\desktop\myゲーム\18010001_isiisyuzi\actiongamesample\debug\bitmaptext.obj
c:\users\student\desktop\myゲーム\18010001_isiisyuzi\actiongamesample\debug\map.obj
c:\users\student\desktop\myゲーム\18010001_isiisyuzi\debug\actiongamesample.pdb
c:\users\student\desktop\myゲーム\18010001_isiisyuzi\actiongamesample\debug\actiongamesample.tlog\cl.command.1.tlog
c:\users\student\desktop\myゲーム\18010001_isiisyuzi\actiongamesample\debug\actiongamesample.tlog\cl.read.1.tlog
c:\users\student\desktop\myゲーム\18010001_isiisyuzi\actiongamesample\debug\actiongamesample.tlog\cl.write.1.tlog
c:\users\student\desktop\myゲーム\18010001_isiisyuzi\actiongamesample\debug\actiongamesample.tlog\link-cvtres.read.1.tlog
c:\users\student\desktop\myゲーム\18010001_isiisyuzi\actiongamesample\debug\actiongamesample.tlog\link-cvtres.write.1.tlog
c:\users\student\desktop\myゲーム\18010001_isiisyuzi\actiongamesample\debug\actiongamesample.tlog\link-rc.read.1.tlog
c:\users\student\desktop\myゲーム\18010001_isiisyuzi\actiongamesample\debug\actiongamesample.tlog\link-rc.write.1.tlog
c:\users\student\desktop\myゲーム\18010001_isiisyuzi\actiongamesample\debug\actiongamesample.tlog\link.command.1.tlog
c:\users\student\desktop\myゲーム\18010001_isiisyuzi\actiongamesample\debug\actiongamesample.tlog\link.read.1.tlog
c:\users\student\desktop\myゲーム\18010001_isiisyuzi\actiongamesample\debug\actiongamesample.tlog\link.write.1.tlog
